<?xml version="1.0" encoding="UTF-8"?>
<testsuite xmlns:xsi="http://www.w3.org/2001/XMLSchema-instance" xsi:noNamespaceSchemaLocation="https://maven.apache.org/surefire/maven-surefire-plugin/xsd/surefire-test-report.xsd" name="test.RecordMapperTest" time="10.337" tests="1" errors="0" skipped="0" failures="0">
  <properties>
    <property name="sun.desktop" value="windows"/>
    <property name="awt.toolkit" value="sun.awt.windows.WToolkit"/>
    <property name="file.encoding.pkg" value="sun.io"/>
    <property name="java.specification.version" value="1.8"/>
    <property name="sun.cpu.isalist" value="amd64"/>
    <property name="sun.jnu.encoding" value="GBK"/>
    <property name="java.class.path" value="D:\Program Java\GitHub\ProjectDemo\lucky\target\test-classes;D:\Program Java\GitHub\ProjectDemo\lucky\target\classes;D:\JAVA\M2Repository\org\springframework\boot\spring-boot-starter-web\2.3.5.RELEASE\spring-boot-starter-web-2.3.5.RELEASE.jar;D:\JAVA\M2Repository\org\springframework\boot\spring-boot-starter\2.3.5.RELEASE\spring-boot-starter-2.3.5.RELEASE.jar;D:\JAVA\M2Repository\org\springframework\boot\spring-boot-starter-logging\2.3.5.RELEASE\spring-boot-starter-logging-2.3.5.RELEASE.jar;D:\JAVA\M2Repository\ch\qos\logback\logback-classic\1.2.3\logback-classic-1.2.3.jar;D:\JAVA\M2Repository\ch\qos\logback\logback-core\1.2.3\logback-core-1.2.3.jar;D:\JAVA\M2Repository\org\apache\logging\log4j\log4j-to-slf4j\2.13.3\log4j-to-slf4j-2.13.3.jar;D:\JAVA\M2Repository\org\apache\logging\log4j\log4j-api\2.13.3\log4j-api-2.13.3.jar;D:\JAVA\M2Repository\org\slf4j\jul-to-slf4j\1.7.30\jul-to-slf4j-1.7.30.jar;D:\JAVA\M2Repository\jakarta\annotation\jakarta.annotation-api\1.3.5\jakarta.annotation-api-1.3.5.jar;D:\JAVA\M2Repository\org\yaml\snakeyaml\1.26\snakeyaml-1.26.jar;D:\JAVA\M2Repository\org\springframework\boot\spring-boot-starter-json\2.3.5.RELEASE\spring-boot-starter-json-2.3.5.RELEASE.jar;D:\JAVA\M2Repository\com\fasterxml\jackson\core\jackson-databind\2.11.3\jackson-databind-2.11.3.jar;D:\JAVA\M2Repository\com\fasterxml\jackson\core\jackson-annotations\2.11.3\jackson-annotations-2.11.3.jar;D:\JAVA\M2Repository\com\fasterxml\jackson\core\jackson-core\2.11.3\jackson-core-2.11.3.jar;D:\JAVA\M2Repository\com\fasterxml\jackson\datatype\jackson-datatype-jdk8\2.11.3\jackson-datatype-jdk8-2.11.3.jar;D:\JAVA\M2Repository\com\fasterxml\jackson\datatype\jackson-datatype-jsr310\2.11.3\jackson-datatype-jsr310-2.11.3.jar;D:\JAVA\M2Repository\com\fasterxml\jackson\module\jackson-module-parameter-names\2.11.3\jackson-module-parameter-names-2.11.3.jar;D:\JAVA\M2Repository\org\springframework\spring-web\5.2.10.RELEASE\spring-web-5.2.10.RELEASE.jar;D:\JAVA\M2Repository\org\springframework\spring-beans\5.2.10.RELEASE\spring-beans-5.2.10.RELEASE.jar;D:\JAVA\M2Repository\org\springframework\spring-webmvc\5.2.10.RELEASE\spring-webmvc-5.2.10.RELEASE.jar;D:\JAVA\M2Repository\org\springframework\spring-context\5.2.10.RELEASE\spring-context-5.2.10.RELEASE.jar;D:\JAVA\M2Repository\org\springframework\spring-expression\5.2.10.RELEASE\spring-expression-5.2.10.RELEASE.jar;D:\JAVA\M2Repository\org\springframework\boot\spring-boot-starter-undertow\2.3.5.RELEASE\spring-boot-starter-undertow-2.3.5.RELEASE.jar;D:\JAVA\M2Repository\io\undertow\undertow-core\2.1.4.Final\undertow-core-2.1.4.Final.jar;D:\JAVA\M2Repository\org\jboss\logging\jboss-logging\3.4.1.Final\jboss-logging-3.4.1.Final.jar;D:\JAVA\M2Repository\org\jboss\xnio\xnio-api\3.8.0.Final\xnio-api-3.8.0.Final.jar;D:\JAVA\M2Repository\org\wildfly\common\wildfly-common\1.5.2.Final\wildfly-common-1.5.2.Final.jar;D:\JAVA\M2Repository\org\wildfly\client\wildfly-client-config\1.0.1.Final\wildfly-client-config-1.0.1.Final.jar;D:\JAVA\M2Repository\org\jboss\xnio\xnio-nio\3.8.0.Final\xnio-nio-3.8.0.Final.jar;D:\JAVA\M2Repository\org\jboss\threads\jboss-threads\3.1.0.Final\jboss-threads-3.1.0.Final.jar;D:\JAVA\M2Repository\io\undertow\undertow-servlet\2.1.4.Final\undertow-servlet-2.1.4.Final.jar;D:\JAVA\M2Repository\org\jboss\spec\javax\annotation\jboss-annotations-api_1.3_spec\2.0.1.Final\jboss-annotations-api_1.3_spec-2.0.1.Final.jar;D:\JAVA\M2Repository\io\undertow\undertow-websockets-jsr\2.1.4.Final\undertow-websockets-jsr-2.1.4.Final.jar;D:\JAVA\M2Repository\org\jboss\spec\javax\websocket\jboss-websocket-api_1.1_spec\2.0.0.Final\jboss-websocket-api_1.1_spec-2.0.0.Final.jar;D:\JAVA\M2Repository\jakarta\servlet\jakarta.servlet-api\4.0.4\jakarta.servlet-api-4.0.4.jar;D:\JAVA\M2Repository\org\glassfish\jakarta.el\3.0.3\jakarta.el-3.0.3.jar;D:\JAVA\M2Repository\org\springframework\boot\spring-boot-starter-aop\2.3.5.RELEASE\spring-boot-starter-aop-2.3.5.RELEASE.jar;D:\JAVA\M2Repository\org\springframework\spring-aop\5.2.10.RELEASE\spring-aop-5.2.10.RELEASE.jar;D:\JAVA\M2Repository\org\aspectj\aspectjweaver\1.9.6\aspectjweaver-1.9.6.jar;D:\JAVA\M2Repository\org\mybatis\spring\boot\mybatis-spring-boot-starter\2.1.3\mybatis-spring-boot-starter-2.1.3.jar;D:\JAVA\M2Repository\org\springframework\boot\spring-boot-starter-jdbc\2.3.5.RELEASE\spring-boot-starter-jdbc-2.3.5.RELEASE.jar;D:\JAVA\M2Repository\com\zaxxer\HikariCP\3.4.5\HikariCP-3.4.5.jar;D:\JAVA\M2Repository\org\springframework\spring-jdbc\5.2.10.RELEASE\spring-jdbc-5.2.10.RELEASE.jar;D:\JAVA\M2Repository\org\springframework\spring-tx\5.2.10.RELEASE\spring-tx-5.2.10.RELEASE.jar;D:\JAVA\M2Repository\org\mybatis\spring\boot\mybatis-spring-boot-autoconfigure\2.1.3\mybatis-spring-boot-autoconfigure-2.1.3.jar;D:\JAVA\M2Repository\org\mybatis\mybatis\3.5.5\mybatis-3.5.5.jar;D:\JAVA\M2Repository\org\mybatis\mybatis-spring\2.0.5\mybatis-spring-2.0.5.jar;D:\JAVA\M2Repository\org\mybatis\generator\mybatis-generator-core\1.3.5\mybatis-generator-core-1.3.5.jar;D:\JAVA\M2Repository\com\alibaba\druid-spring-boot-starter\1.2.3\druid-spring-boot-starter-1.2.3.jar;D:\JAVA\M2Repository\com\alibaba\druid\1.2.3\druid-1.2.3.jar;D:\JAVA\M2Repository\org\slf4j\slf4j-api\1.7.30\slf4j-api-1.7.30.jar;D:\JAVA\M2Repository\org\springframework\boot\spring-boot-autoconfigure\2.3.5.RELEASE\spring-boot-autoconfigure-2.3.5.RELEASE.jar;D:\JAVA\M2Repository\mysql\mysql-connector-java\5.1.49\mysql-connector-java-5.1.49.jar;D:\JAVA\M2Repository\org\springframework\boot\spring-boot-devtools\2.3.5.RELEASE\spring-boot-devtools-2.3.5.RELEASE.jar;D:\JAVA\M2Repository\org\springframework\boot\spring-boot\2.3.5.RELEASE\spring-boot-2.3.5.RELEASE.jar;D:\JAVA\M2Repository\org\projectlombok\lombok\1.18.16\lombok-1.18.16.jar;D:\JAVA\M2Repository\org\springframework\boot\spring-boot-starter-test\2.3.5.RELEASE\spring-boot-starter-test-2.3.5.RELEASE.jar;D:\JAVA\M2Repository\org\springframework\boot\spring-boot-test\2.3.5.RELEASE\spring-boot-test-2.3.5.RELEASE.jar;D:\JAVA\M2Repository\org\springframework\boot\spring-boot-test-autoconfigure\2.3.5.RELEASE\spring-boot-test-autoconfigure-2.3.5.RELEASE.jar;D:\JAVA\M2Repository\com\jayway\jsonpath\json-path\2.4.0\json-path-2.4.0.jar;D:\JAVA\M2Repository\net\minidev\json-smart\2.3\json-smart-2.3.jar;D:\JAVA\M2Repository\net\minidev\accessors-smart\1.2\accessors-smart-1.2.jar;D:\JAVA\M2Repository\org\ow2\asm\asm\5.0.4\asm-5.0.4.jar;D:\JAVA\M2Repository\jakarta\xml\bind\jakarta.xml.bind-api\2.3.3\jakarta.xml.bind-api-2.3.3.jar;D:\JAVA\M2Repository\jakarta\activation\jakarta.activation-api\1.2.2\jakarta.activation-api-1.2.2.jar;D:\JAVA\M2Repository\org\assertj\assertj-core\3.16.1\assertj-core-3.16.1.jar;D:\JAVA\M2Repository\org\hamcrest\hamcrest\2.2\hamcrest-2.2.jar;D:\JAVA\M2Repository\org\junit\jupiter\junit-jupiter\5.6.3\junit-jupiter-5.6.3.jar;D:\JAVA\M2Repository\org\junit\jupiter\junit-jupiter-api\5.6.3\junit-jupiter-api-5.6.3.jar;D:\JAVA\M2Repository\org\opentest4j\opentest4j\1.2.0\opentest4j-1.2.0.jar;D:\JAVA\M2Repository\org\junit\platform\junit-platform-commons\1.6.3\junit-platform-commons-1.6.3.jar;D:\JAVA\M2Repository\org\junit\jupiter\junit-jupiter-params\5.6.3\junit-jupiter-params-5.6.3.jar;D:\JAVA\M2Repository\org\junit\jupiter\junit-jupiter-engine\5.6.3\junit-jupiter-engine-5.6.3.jar;D:\JAVA\M2Repository\org\junit\vintage\junit-vintage-engine\5.6.3\junit-vintage-engine-5.6.3.jar;D:\JAVA\M2Repository\org\apiguardian\apiguardian-api\1.1.0\apiguardian-api-1.1.0.jar;D:\JAVA\M2Repository\org\junit\platform\junit-platform-engine\1.6.3\junit-platform-engine-1.6.3.jar;D:\JAVA\M2Repository\junit\junit\4.13.1\junit-4.13.1.jar;D:\JAVA\M2Repository\org\mockito\mockito-core\3.3.3\mockito-core-3.3.3.jar;D:\JAVA\M2Repository\net\bytebuddy\byte-buddy\1.10.17\byte-buddy-1.10.17.jar;D:\JAVA\M2Repository\net\bytebuddy\byte-buddy-agent\1.10.17\byte-buddy-agent-1.10.17.jar;D:\JAVA\M2Repository\org\objenesis\objenesis\2.6\objenesis-2.6.jar;D:\JAVA\M2Repository\org\mockito\mockito-junit-jupiter\3.3.3\mockito-junit-jupiter-3.3.3.jar;D:\JAVA\M2Repository\org\skyscreamer\jsonassert\1.5.0\jsonassert-1.5.0.jar;D:\JAVA\M2Repository\com\vaadin\external\google\android-json\0.0.20131108.vaadin1\android-json-0.0.20131108.vaadin1.jar;D:\JAVA\M2Repository\org\springframework\spring-core\5.2.10.RELEASE\spring-core-5.2.10.RELEASE.jar;D:\JAVA\M2Repository\org\springframework\spring-jcl\5.2.10.RELEASE\spring-jcl-5.2.10.RELEASE.jar;D:\JAVA\M2Repository\org\springframework\spring-test\5.2.10.RELEASE\spring-test-5.2.10.RELEASE.jar;D:\JAVA\M2Repository\org\xmlunit\xmlunit-core\2.7.0\xmlunit-core-2.7.0.jar;"/>
    <property name="java.vm.vendor" value="Oracle Corporation"/>
    <property name="sun.arch.data.model" value="64"/>
    <property name="user.variant" value=""/>
    <property name="java.vendor.url" value="http://java.oracle.com/"/>
    <property name="user.timezone" value="Asia/Shanghai"/>
    <property name="java.vm.specification.version" value="1.8"/>
    <property name="os.name" value="Windows 10"/>
    <property name="user.country" value="CN"/>
    <property name="sun.java.launcher" value="SUN_STANDARD"/>
    <property name="sun.boot.library.path" value="C:\Program Files\Java\jdk1.8.0_271\jre\bin"/>
    <property name="sun.java.command" value="C:\Users\WADEWI~1\AppData\Local\Temp\surefire640204059668829309\surefirebooter1404238678278076051.jar C:\Users\Wade Winston Wilson\AppData\Local\Temp\surefire640204059668829309 2021-02-22T22-22-31_624-jvmRun1 surefire758036518240551673tmp surefire_0930873684439721062tmp"/>
    <property name="surefire.test.class.path" value="D:\Program Java\GitHub\ProjectDemo\lucky\target\test-classes;D:\Program Java\GitHub\ProjectDemo\lucky\target\classes;D:\JAVA\M2Repository\org\springframework\boot\spring-boot-starter-web\2.3.5.RELEASE\spring-boot-starter-web-2.3.5.RELEASE.jar;D:\JAVA\M2Repository\org\springframework\boot\spring-boot-starter\2.3.5.RELEASE\spring-boot-starter-2.3.5.RELEASE.jar;D:\JAVA\M2Repository\org\springframework\boot\spring-boot-starter-logging\2.3.5.RELEASE\spring-boot-starter-logging-2.3.5.RELEASE.jar;D:\JAVA\M2Repository\ch\qos\logback\logback-classic\1.2.3\logback-classic-1.2.3.jar;D:\JAVA\M2Repository\ch\qos\logback\logback-core\1.2.3\logback-core-1.2.3.jar;D:\JAVA\M2Repository\org\apache\logging\log4j\log4j-to-slf4j\2.13.3\log4j-to-slf4j-2.13.3.jar;D:\JAVA\M2Repository\org\apache\logging\log4j\log4j-api\2.13.3\log4j-api-2.13.3.jar;D:\JAVA\M2Repository\org\slf4j\jul-to-slf4j\1.7.30\jul-to-slf4j-1.7.30.jar;D:\JAVA\M2Repository\jakarta\annotation\jakarta.annotation-api\1.3.5\jakarta.annotation-api-1.3.5.jar;D:\JAVA\M2Repository\org\yaml\snakeyaml\1.26\snakeyaml-1.26.jar;D:\JAVA\M2Repository\org\springframework\boot\spring-boot-starter-json\2.3.5.RELEASE\spring-boot-starter-json-2.3.5.RELEASE.jar;D:\JAVA\M2Repository\com\fasterxml\jackson\core\jackson-databind\2.11.3\jackson-databind-2.11.3.jar;D:\JAVA\M2Repository\com\fasterxml\jackson\core\jackson-annotations\2.11.3\jackson-annotations-2.11.3.jar;D:\JAVA\M2Repository\com\fasterxml\jackson\core\jackson-core\2.11.3\jackson-core-2.11.3.jar;D:\JAVA\M2Repository\com\fasterxml\jackson\datatype\jackson-datatype-jdk8\2.11.3\jackson-datatype-jdk8-2.11.3.jar;D:\JAVA\M2Repository\com\fasterxml\jackson\datatype\jackson-datatype-jsr310\2.11.3\jackson-datatype-jsr310-2.11.3.jar;D:\JAVA\M2Repository\com\fasterxml\jackson\module\jackson-module-parameter-names\2.11.3\jackson-module-parameter-names-2.11.3.jar;D:\JAVA\M2Repository\org\springframework\spring-web\5.2.10.RELEASE\spring-web-5.2.10.RELEASE.jar;D:\JAVA\M2Repository\org\springframework\spring-beans\5.2.10.RELEASE\spring-beans-5.2.10.RELEASE.jar;D:\JAVA\M2Repository\org\springframework\spring-webmvc\5.2.10.RELEASE\spring-webmvc-5.2.10.RELEASE.jar;D:\JAVA\M2Repository\org\springframework\spring-context\5.2.10.RELEASE\spring-context-5.2.10.RELEASE.jar;D:\JAVA\M2Repository\org\springframework\spring-expression\5.2.10.RELEASE\spring-expression-5.2.10.RELEASE.jar;D:\JAVA\M2Repository\org\springframework\boot\spring-boot-starter-undertow\2.3.5.RELEASE\spring-boot-starter-undertow-2.3.5.RELEASE.jar;D:\JAVA\M2Repository\io\undertow\undertow-core\2.1.4.Final\undertow-core-2.1.4.Final.jar;D:\JAVA\M2Repository\org\jboss\logging\jboss-logging\3.4.1.Final\jboss-logging-3.4.1.Final.jar;D:\JAVA\M2Repository\org\jboss\xnio\xnio-api\3.8.0.Final\xnio-api-3.8.0.Final.jar;D:\JAVA\M2Repository\org\wildfly\common\wildfly-common\1.5.2.Final\wildfly-common-1.5.2.Final.jar;D:\JAVA\M2Repository\org\wildfly\client\wildfly-client-config\1.0.1.Final\wildfly-client-config-1.0.1.Final.jar;D:\JAVA\M2Repository\org\jboss\xnio\xnio-nio\3.8.0.Final\xnio-nio-3.8.0.Final.jar;D:\JAVA\M2Repository\org\jboss\threads\jboss-threads\3.1.0.Final\jboss-threads-3.1.0.Final.jar;D:\JAVA\M2Repository\io\undertow\undertow-servlet\2.1.4.Final\undertow-servlet-2.1.4.Final.jar;D:\JAVA\M2Repository\org\jboss\spec\javax\annotation\jboss-annotations-api_1.3_spec\2.0.1.Final\jboss-annotations-api_1.3_spec-2.0.1.Final.jar;D:\JAVA\M2Repository\io\undertow\undertow-websockets-jsr\2.1.4.Final\undertow-websockets-jsr-2.1.4.Final.jar;D:\JAVA\M2Repository\org\jboss\spec\javax\websocket\jboss-websocket-api_1.1_spec\2.0.0.Final\jboss-websocket-api_1.1_spec-2.0.0.Final.jar;D:\JAVA\M2Repository\jakarta\servlet\jakarta.servlet-api\4.0.4\jakarta.servlet-api-4.0.4.jar;D:\JAVA\M2Repository\org\glassfish\jakarta.el\3.0.3\jakarta.el-3.0.3.jar;D:\JAVA\M2Repository\org\springframework\boot\spring-boot-starter-aop\2.3.5.RELEASE\spring-boot-starter-aop-2.3.5.RELEASE.jar;D:\JAVA\M2Repository\org\springframework\spring-aop\5.2.10.RELEASE\spring-aop-5.2.10.RELEASE.jar;D:\JAVA\M2Repository\org\aspectj\aspectjweaver\1.9.6\aspectjweaver-1.9.6.jar;D:\JAVA\M2Repository\org\mybatis\spring\boot\mybatis-spring-boot-starter\2.1.3\mybatis-spring-boot-starter-2.1.3.jar;D:\JAVA\M2Repository\org\springframework\boot\spring-boot-starter-jdbc\2.3.5.RELEASE\spring-boot-starter-jdbc-2.3.5.RELEASE.jar;D:\JAVA\M2Repository\com\zaxxer\HikariCP\3.4.5\HikariCP-3.4.5.jar;D:\JAVA\M2Repository\org\springframework\spring-jdbc\5.2.10.RELEASE\spring-jdbc-5.2.10.RELEASE.jar;D:\JAVA\M2Repository\org\springframework\spring-tx\5.2.10.RELEASE\spring-tx-5.2.10.RELEASE.jar;D:\JAVA\M2Repository\org\mybatis\spring\boot\mybatis-spring-boot-autoconfigure\2.1.3\mybatis-spring-boot-autoconfigure-2.1.3.jar;D:\JAVA\M2Repository\org\mybatis\mybatis\3.5.5\mybatis-3.5.5.jar;D:\JAVA\M2Repository\org\mybatis\mybatis-spring\2.0.5\mybatis-spring-2.0.5.jar;D:\JAVA\M2Repository\org\mybatis\generator\mybatis-generator-core\1.3.5\mybatis-generator-core-1.3.5.jar;D:\JAVA\M2Repository\com\alibaba\druid-spring-boot-starter\1.2.3\druid-spring-boot-starter-1.2.3.jar;D:\JAVA\M2Repository\com\alibaba\druid\1.2.3\druid-1.2.3.jar;D:\JAVA\M2Repository\org\slf4j\slf4j-api\1.7.30\slf4j-api-1.7.30.jar;D:\JAVA\M2Repository\org\springframework\boot\spring-boot-autoconfigure\2.3.5.RELEASE\spring-boot-autoconfigure-2.3.5.RELEASE.jar;D:\JAVA\M2Repository\mysql\mysql-connector-java\5.1.49\mysql-connector-java-5.1.49.jar;D:\JAVA\M2Repository\org\springframework\boot\spring-boot-devtools\2.3.5.RELEASE\spring-boot-devtools-2.3.5.RELEASE.jar;D:\JAVA\M2Repository\org\springframework\boot\spring-boot\2.3.5.RELEASE\spring-boot-2.3.5.RELEASE.jar;D:\JAVA\M2Repository\org\projectlombok\lombok\1.18.16\lombok-1.18.16.jar;D:\JAVA\M2Repository\org\springframework\boot\spring-boot-starter-test\2.3.5.RELEASE\spring-boot-starter-test-2.3.5.RELEASE.jar;D:\JAVA\M2Repository\org\springframework\boot\spring-boot-test\2.3.5.RELEASE\spring-boot-test-2.3.5.RELEASE.jar;D:\JAVA\M2Repository\org\springframework\boot\spring-boot-test-autoconfigure\2.3.5.RELEASE\spring-boot-test-autoconfigure-2.3.5.RELEASE.jar;D:\JAVA\M2Repository\com\jayway\jsonpath\json-path\2.4.0\json-path-2.4.0.jar;D:\JAVA\M2Repository\net\minidev\json-smart\2.3\json-smart-2.3.jar;D:\JAVA\M2Repository\net\minidev\accessors-smart\1.2\accessors-smart-1.2.jar;D:\JAVA\M2Repository\org\ow2\asm\asm\5.0.4\asm-5.0.4.jar;D:\JAVA\M2Repository\jakarta\xml\bind\jakarta.xml.bind-api\2.3.3\jakarta.xml.bind-api-2.3.3.jar;D:\JAVA\M2Repository\jakarta\activation\jakarta.activation-api\1.2.2\jakarta.activation-api-1.2.2.jar;D:\JAVA\M2Repository\org\assertj\assertj-core\3.16.1\assertj-core-3.16.1.jar;D:\JAVA\M2Repository\org\hamcrest\hamcrest\2.2\hamcrest-2.2.jar;D:\JAVA\M2Repository\org\junit\jupiter\junit-jupiter\5.6.3\junit-jupiter-5.6.3.jar;D:\JAVA\M2Repository\org\junit\jupiter\junit-jupiter-api\5.6.3\junit-jupiter-api-5.6.3.jar;D:\JAVA\M2Repository\org\opentest4j\opentest4j\1.2.0\opentest4j-1.2.0.jar;D:\JAVA\M2Repository\org\junit\platform\junit-platform-commons\1.6.3\junit-platform-commons-1.6.3.jar;D:\JAVA\M2Repository\org\junit\jupiter\junit-jupiter-params\5.6.3\junit-jupiter-params-5.6.3.jar;D:\JAVA\M2Repository\org\junit\jupiter\junit-jupiter-engine\5.6.3\junit-jupiter-engine-5.6.3.jar;D:\JAVA\M2Repository\org\junit\vintage\junit-vintage-engine\5.6.3\junit-vintage-engine-5.6.3.jar;D:\JAVA\M2Repository\org\apiguardian\apiguardian-api\1.1.0\apiguardian-api-1.1.0.jar;D:\JAVA\M2Repository\org\junit\platform\junit-platform-engine\1.6.3\junit-platform-engine-1.6.3.jar;D:\JAVA\M2Repository\junit\junit\4.13.1\junit-4.13.1.jar;D:\JAVA\M2Repository\org\mockito\mockito-core\3.3.3\mockito-core-3.3.3.jar;D:\JAVA\M2Repository\net\bytebuddy\byte-buddy\1.10.17\byte-buddy-1.10.17.jar;D:\JAVA\M2Repository\net\bytebuddy\byte-buddy-agent\1.10.17\byte-buddy-agent-1.10.17.jar;D:\JAVA\M2Repository\org\objenesis\objenesis\2.6\objenesis-2.6.jar;D:\JAVA\M2Repository\org\mockito\mockito-junit-jupiter\3.3.3\mockito-junit-jupiter-3.3.3.jar;D:\JAVA\M2Repository\org\skyscreamer\jsonassert\1.5.0\jsonassert-1.5.0.jar;D:\JAVA\M2Repository\com\vaadin\external\google\android-json\0.0.20131108.vaadin1\android-json-0.0.20131108.vaadin1.jar;D:\JAVA\M2Repository\org\springframework\spring-core\5.2.10.RELEASE\spring-core-5.2.10.RELEASE.jar;D:\JAVA\M2Repository\org\springframework\spring-jcl\5.2.10.RELEASE\spring-jcl-5.2.10.RELEASE.jar;D:\JAVA\M2Repository\org\springframework\spring-test\5.2.10.RELEASE\spring-test-5.2.10.RELEASE.jar;D:\JAVA\M2Repository\org\xmlunit\xmlunit-core\2.7.0\xmlunit-core-2.7.0.jar;"/>
    <property name="sun.cpu.endian" value="little"/>
    <property name="user.home" value="C:\Users\Wade Winston Wilson"/>
    <property name="user.language" value="zh"/>
    <property name="java.specification.vendor" value="Oracle Corporation"/>
    <property name="java.home" value="C:\Program Files\Java\jdk1.8.0_271\jre"/>
    <property name="basedir" value="D:\Program Java\GitHub\ProjectDemo\lucky"/>
    <property name="file.separator" value="\"/>
    <property name="line.separator" value="&#10;"/>
    <property name="java.vm.specification.vendor" value="Oracle Corporation"/>
    <property name="java.specification.name" value="Java Platform API Specification"/>
    <property name="java.awt.graphicsenv" value="sun.awt.Win32GraphicsEnvironment"/>
    <property name="surefire.real.class.path" value="C:\Users\WADEWI~1\AppData\Local\Temp\surefire640204059668829309\surefirebooter1404238678278076051.jar"/>
    <property name="sun.boot.class.path" value="C:\Program Files\Java\jdk1.8.0_271\jre\lib\resources.jar;C:\Program Files\Java\jdk1.8.0_271\jre\lib\rt.jar;C:\Program Files\Java\jdk1.8.0_271\jre\lib\sunrsasign.jar;C:\Program Files\Java\jdk1.8.0_271\jre\lib\jsse.jar;C:\Program Files\Java\jdk1.8.0_271\jre\lib\jce.jar;C:\Program Files\Java\jdk1.8.0_271\jre\lib\charsets.jar;C:\Program Files\Java\jdk1.8.0_271\jre\lib\jfr.jar;C:\Program Files\Java\jdk1.8.0_271\jre\classes"/>
    <property name="user.script" value=""/>
    <property name="sun.management.compiler" value="HotSpot 64-Bit Tiered Compilers"/>
    <property name="java.runtime.version" value="1.8.0_271-b09"/>
    <property name="user.name" value="Wade Winston Wilson"/>
    <property name="path.separator" value=";"/>
    <property name="os.version" value="10.0"/>
    <property name="java.endorsed.dirs" value="C:\Program Files\Java\jdk1.8.0_271\jre\lib\endorsed"/>
    <property name="java.runtime.name" value="Java(TM) SE Runtime Environment"/>
    <property name="file.encoding" value="GBK"/>
    <property name="java.vm.name" value="Java HotSpot(TM) 64-Bit Server VM"/>
    <property name="localRepository" value="D:\JAVA\M2Repository"/>
    <property name="java.vendor.url.bug" value="http://bugreport.sun.com/bugreport/"/>
    <property name="java.io.tmpdir" value="C:\Users\WADEWI~1\AppData\Local\Temp\"/>
    <property name="idea.version" value="2020.3.1"/>
    <property name="java.version" value="1.8.0_271"/>
    <property name="user.dir" value="D:\Program Java\GitHub\ProjectDemo\lucky"/>
    <property name="os.arch" value="amd64"/>
    <property name="java.vm.specification.name" value="Java Virtual Machine Specification"/>
    <property name="java.awt.printerjob" value="sun.awt.windows.WPrinterJob"/>
    <property name="sun.os.patch.level" value=""/>
    <property name="java.library.path" value="C:\Program Files\Java\jdk1.8.0_271\jre\bin;C:\WINDOWS\Sun\Java\bin;C:\WINDOWS\system32;C:\WINDOWS;C:\Program Files\AdoptOpenJDK\jdk-11.0.10.9-hotspot\bin;D:\JAVA\XShell\xshell\Xlpd 6\;D:\JAVA\XShell\xshell\Xshell 6\;D:\JAVA\XShell\xshell\Xmanager 6\;C:\Program Files (x86)\Common Files\Oracle\Java\javapath;C:\Program Files (x86)\NVIDIA Corporation\PhysX\Common;C:\WINDOWS\system32;C:\WINDOWS;C:\WINDOWS\System32\Wbem;C:\WINDOWS\System32\WindowsPowerShell\v1.0\;C:\WINDOWS\System32\OpenSSH\;C:\Program Files\dotnet\;C:\Program Files\Microsoft SQL Server\130\Tools\Binn\;C:\Program Files (x86)\Intel\Intel(R) Management Engine Components\DAL;C:\Program Files\Intel\Intel(R) Management Engine Components\DAL;\Program Files\TortoiseGit\bin;D:\JAVA\mysql-5.7.31-winx64\bin;C:\Program Files\Java\jdk1.8.0_271\bin\bin;C:\Program Files\Java\jdk1.8.0_271\bin\jre\bin;D:\JAVA\mysql-5.7.31-winx64\bin;D:\BaiduNetdiskDownload\java\MatLab\runtime\win64;D:\BaiduNetdiskDownload\java\MatLab\bin;D:\JAVA\apache-tomcat-8.5.57\bin;D:\应用\github\Git\cmd;C:\Users\Wade Winston Wilson\AppData\Local\Programs\Python\Python38\Scripts\;C:\Users\Wade Winston Wilson\AppData\Local\Programs\Python\Python38\;C:\Program Files (x86)\ATMEL Corporation\AT91-ISP v1.13\Library\;C:\Program Files (x86)\ATMEL Corporation\AT91-ISP v1.13\sam-ba 2.9;D:\Dev-Cpp\python-3.6.6\Scripts\;D:\Dev-Cpp\python-3.6.6\;C:\Users\Wade Winston Wilson\AppData\Local\Microsoft\WindowsApps;D:\Dev-Cpp\python-3.6.6\pycharm\PyCharm 2020.1.1\bin;C:\Users\Wade Winston Wilson\AppData\Local\GitHubDesktop\bin;D:\JAVA\mysql-5.7.31-winx64\bin;C:\Program Files\JetBrains\PyCharm 2019.3.3\bin;D:\JAVA\ideaIU-2019.3.3\IntelliJ IDEA 2019.3.3\bin;D:\JAVA\Fiddler;C:\Users\Wade Winston Wilson\.dotnet\tools;D:\BaiduNetdiskDownload\UnzipToolkit\bandizip\;C:\Program Files\JetBrains\IntelliJ IDEA 2020.3.1\bin;;D:\Dev-Cpp\VsCode\Microsoft VS Code\bin;."/>
    <property name="java.vm.info" value="mixed mode"/>
    <property name="java.vendor" value="Oracle Corporation"/>
    <property name="java.vm.version" value="25.271-b09"/>
    <property name="java.ext.dirs" value="C:\Program Files\Java\jdk1.8.0_271\jre\lib\ext;C:\WINDOWS\Sun\Java\lib\ext"/>
    <property name="sun.io.unicode.encoding" value="UnicodeLittle"/>
    <property name="maven.repo.local" value="D:\JAVA\M2Repository"/>
    <property name="java.class.version" value="52.0"/>
  </properties>
  <testcase name="query" classname="test.RecordMapperTest" time="0.222"/>
</testsuite>